2024.05.10 01:58:26 INFO  Started: Metals version 1.3.0 in folders 'C:\DATA\SCALA\hello-world' for client Visual Studio Code 1.89.1.
SLF4J: Class path contains multiple SLF4J providers.
SLF4J: Found provider [scribe.slf4j.ScribeServiceProvider@43092c56]
SLF4J: Found provider [ch.qos.logback.classic.spi.LogbackServiceProvider@45ba55a6]
SLF4J: See https://www.slf4j.org/codes.html#multiple_bindings for an explanation.
SLF4J: Actual provider is of type [scribe.slf4j.ScribeServiceProvider@43092c56]
2024.05.10 01:58:27 WARN  Flyway upgrade recommended: H2 2.2.224 is newer than this version of Flyway and support has not been tested. The latest supported version of H2 is 2.2.220.
2024.05.10 01:58:33 INFO  running 'C:\Program Files\Java\jdk-22\bin\java.exe -Djline.terminal=jline.UnsupportedTerminal -Dsbt.log.noformat=true -Dfile.encoding=UTF-8 -jar C:\Users\dingo\AppData\Local\Temp\metals559521137887535010\sbt-launch.jar -Dbloop.export-jar-classifiers=sources bloopInstall'
2024.05.10 01:58:34 ERROR [info] [launcher] getting org.scala-sbt sbt 1.9.9  (this may take some time)...
2024.05.10 01:59:33 INFO  no build target found for C:\DATA\SCALA\hello-world\build.sbt. Using presentation compiler with project's scala-library version: 3.3.3
2024.05.10 01:59:34 WARN  Could not find semantic tokens for: file:///C:/DATA/SCALA/hello-world/build.sbt
2024.05.10 02:00:21 WARN  Could not find semantic tokens for: file:///C:/DATA/SCALA/hello-world/project/metals.sbt
2024.05.10 02:02:28 WARN  Could not find semantic tokens for: file:///C:/DATA/SCALA/hello-world/build.sbt
2024.05.10 10:25:10 INFO  user cancelled sbt bloopInstall
2024.05.10 10:25:10 INFO  time: ran 'sbt bloopInstall' in 506m45s
2024.05.10 10:25:29 WARN  Could not find semantic tokens for: file:///C:/DATA/SCALA/hello-world/project/metals.sbt
2024.05.10 10:25:34 WARN  Could not find semantic tokens for: file:///C:/DATA/SCALA/hello-world/build.sbt
2024.05.10 11:33:27 ERROR SLF4J: Failed to load class "org.slf4j.impl.StaticLoggerBinder".
2024.05.10 11:33:27 ERROR SLF4J: Defaulting to no-operation (NOP) logger implementation
2024.05.10 11:33:27 ERROR SLF4J: See http://www.slf4j.org/codes.html#StaticLoggerBinder for further details.
2024.05.10 11:33:29 INFO  
2024.05.10 11:33:29 INFO  Template applied in C:\DATA\SCALA\.\scalatest-example
2024.05.10 11:33:29 INFO  
2024.05.10 11:33:29 INFO  time: ran 'giter8.Giter8' in 3.17s
2024.05.10 11:33:37 INFO  Shutting down server
2024.05.10 11:33:37 INFO  shutting down Metals
2024.05.10 11:33:37 INFO  Exiting server
2024.05.10 11:38:01 INFO  Started: Metals version 1.3.0 in folders 'C:\DATA\SCALA\hello-world' for client Visual Studio Code 1.89.1.
SLF4J: Class path contains multiple SLF4J providers.
SLF4J: Found provider [scribe.slf4j.ScribeServiceProvider@6c246ff5]
SLF4J: Found provider [ch.qos.logback.classic.spi.LogbackServiceProvider@74530172]
SLF4J: See https://www.slf4j.org/codes.html#multiple_bindings for an explanation.
SLF4J: Actual provider is of type [scribe.slf4j.ScribeServiceProvider@6c246ff5]
2024.05.10 11:38:03 WARN  Flyway upgrade recommended: H2 2.2.224 is newer than this version of Flyway and support has not been tested. The latest supported version of H2 is 2.2.220.
2024.05.10 11:38:03 INFO  skipping build import with status 'Cancelled'
2024.05.10 11:38:13 INFO  no build target found for C:\DATA\SCALA\hello-world\src\main\scala\Main.scala. Using presentation compiler with project's scala-library version: 3.3.3
2024.05.10 11:38:15 INFO  time: code lens generation in 1.29s
2024.05.10 11:38:15 INFO  time: code lens generation in 9.62s
2024.05.10 11:38:27 INFO  running 'C:\Program Files\Java\jdk-22\bin\java.exe -Djline.terminal=jline.UnsupportedTerminal -Dsbt.log.noformat=true -Dfile.encoding=UTF-8 -jar C:\Users\dingo\AppData\Local\Temp\metals14463074652045642955\sbt-launch.jar -Dbloop.export-jar-classifiers=sources bloopInstall'
2024.05.10 11:38:28 ERROR [info] [launcher] getting org.scala-sbt sbt 1.9.9  (this may take some time)...
2024.05.10 11:41:50 WARN  Build server is not auto-connectable.
2024.05.10 11:42:04 INFO  Attempting to connect to the build server...
2024.05.10 11:42:18 INFO  user cancelled sbt bloopInstall
2024.05.10 11:42:18 INFO  time: ran 'sbt bloopInstall' in 3m50s
2024.05.10 11:42:33 WARN  Build server is not auto-connectable.
2024.05.10 11:42:55 ERROR Starting the bsp launcher for bloop...
2024.05.10 11:42:55 ERROR Opening a bsp server connection with 'bsp --protocol tcp --port 30972'...
2024.05.10 11:42:55 ERROR Waiting for the bsp connection to come up...
2024.05.10 11:42:55 ERROR Waiting for the bsp connection to come up...
2024.05.10 11:42:55 ERROR Waiting for the bsp connection to come up...
2024.05.10 11:42:55 ERROR Waiting for the bsp connection to come up...
2024.05.10 11:42:55 ERROR Waiting for the bsp connection to come up...
2024.05.10 11:42:55 ERROR Waiting for the bsp connection to come up...
2024.05.10 11:42:55 ERROR Waiting for the bsp connection to come up...
2024.05.10 11:42:55 ERROR Waiting for the bsp connection to come up...
2024.05.10 11:42:55 ERROR Waiting for the bsp connection to come up...
2024.05.10 11:42:55 ERROR Waiting for the bsp connection to come up...
2024.05.10 11:42:55 ERROR Waiting for the bsp connection to come up...
2024.05.10 11:42:55 ERROR Waiting for the bsp connection to come up...
2024.05.10 11:42:55 ERROR Waiting for the bsp connection to come up...
2024.05.10 11:42:55 ERROR Waiting for the bsp connection to come up...
2024.05.10 11:42:55 ERROR Waiting for the bsp connection to come up...
2024.05.10 11:42:55 ERROR Waiting for the bsp connection to come up...
2024.05.10 11:42:55 ERROR Waiting for the bsp connection to come up...
2024.05.10 11:42:55 ERROR Waiting for the bsp connection to come up...
2024.05.10 11:42:55 ERROR Waiting for the bsp connection to come up...
2024.05.10 11:42:55 ERROR Waiting for the bsp connection to come up...
2024.05.10 11:42:55 ERROR Waiting for the bsp connection to come up...
2024.05.10 11:42:55 ERROR Waiting for the bsp connection to come up...
2024.05.10 11:42:55 ERROR Waiting for the bsp connection to come up...
2024.05.10 11:42:55 ERROR Waiting for the bsp connection to come up...
2024.05.10 11:42:55 ERROR Waiting for the bsp connection to come up...
2024.05.10 11:42:55 ERROR Waiting for the bsp connection to come up...
2024.05.10 11:42:55 ERROR Waiting for the bsp connection to come up...
2024.05.10 11:42:55 ERROR Waiting for the bsp connection to come up...
2024.05.10 11:42:55 ERROR Waiting for the bsp connection to come up...
2024.05.10 11:42:55 ERROR Waiting for the bsp connection to come up...
2024.05.10 11:42:55 ERROR Waiting for the bsp connection to come up...
2024.05.10 11:42:55 ERROR error: Giving up on waiting for a connection, printing embedded bloop logs:
2024.05.10 11:42:55 ERROR > No server running at 127.0.0.1:8212, let's fire one...
2024.05.10 11:42:55 ERROR > Resolving ch.epfl.scala:bloop-frontend_2.12:1.5.17...
2024.05.10 11:42:55 ERROR error: The launcher failed to establish a bsp connection, aborting...
2024.05.10 11:42:55 ERROR Failed to connect with build server, no functionality will work.
java.lang.RuntimeException: The server did not start, got FailedToOpenBspConnection
	at bloop.launcher.LauncherMain.failPromise$1(Launcher.scala:92)
	at bloop.launcher.LauncherMain.runLauncher(Launcher.scala:119)
	at scala.meta.internal.metals.BloopServers$$anon$2.run(BloopServers.scala:355)
	at java.util.concurrent.Executors$RunnableAdapter.call(Executors.java:572)
	at java.util.concurrent.FutureTask.run(FutureTask.java:317)
	at java.util.concurrent.ThreadPoolExecutor.runWorker(ThreadPoolExecutor.java:1144)
	at java.util.concurrent.ThreadPoolExecutor$Worker.run(ThreadPoolExecutor.java:642)
	at java.lang.Thread.run(Thread.java:1570)

2024.05.10 11:43:12 INFO  running 'C:\Program Files\Java\jdk-22\bin\java.exe -Djline.terminal=jline.UnsupportedTerminal -Dsbt.log.noformat=true -Dfile.encoding=UTF-8 -jar C:\Users\dingo\AppData\Local\Temp\metals8271695988606845094\sbt-launch.jar -Dbloop.export-jar-classifiers=sources bloopInstall'
2024.05.10 11:43:13 ERROR [info] [launcher] getting org.scala-sbt sbt 1.9.9  (this may take some time)...
2024.05.10 11:45:04 INFO  Shutting down server
2024.05.10 11:45:04 INFO  shutting down Metals
2024.05.10 11:45:04 WARN  Error requesting workspace reset
org.eclipse.lsp4j.jsonrpc.ResponseErrorException: Request window/showMessageRequest failed with message: Canceled
	at org.eclipse.lsp4j.jsonrpc.RemoteEndpoint.handleResponse(RemoteEndpoint.java:209)
	at org.eclipse.lsp4j.jsonrpc.RemoteEndpoint.consume(RemoteEndpoint.java:193)
	at org.eclipse.lsp4j.jsonrpc.json.StreamMessageProducer.handleMessage(StreamMessageProducer.java:194)
	at org.eclipse.lsp4j.jsonrpc.json.StreamMessageProducer.listen(StreamMessageProducer.java:94)
	at org.eclipse.lsp4j.jsonrpc.json.ConcurrentMessageProcessor.run(ConcurrentMessageProcessor.java:113)
	at java.util.concurrent.Executors$RunnableAdapter.call(Executors.java:572)
	at java.util.concurrent.FutureTask.run(FutureTask.java:317)
	at java.util.concurrent.ThreadPoolExecutor.runWorker(ThreadPoolExecutor.java:1144)
	at java.util.concurrent.ThreadPoolExecutor$Worker.run(ThreadPoolExecutor.java:642)
	at java.lang.Thread.run(Thread.java:1570)

2024.05.10 11:45:04 INFO  Exiting server
2024.05.10 11:47:08 INFO  Started: Metals version 1.3.0 in folders 'C:\DATA\SCALA\hello-world' for client Visual Studio Code 1.89.1.
SLF4J: Class path contains multiple SLF4J providers.
SLF4J: Found provider [scribe.slf4j.ScribeServiceProvider@1274c170]
SLF4J: Found provider [ch.qos.logback.classic.spi.LogbackServiceProvider@27ff8d2b]
SLF4J: See https://www.slf4j.org/codes.html#multiple_bindings for an explanation.
SLF4J: Actual provider is of type [scribe.slf4j.ScribeServiceProvider@1274c170]
2024.05.10 11:47:09 WARN  Flyway upgrade recommended: H2 2.2.224 is newer than this version of Flyway and support has not been tested. The latest supported version of H2 is 2.2.220.
2024.05.10 11:47:11 INFO  skipping build import with status 'Started'
2024.05.10 11:47:22 INFO  no build target found for C:\DATA\SCALA\hello-world\src\main\scala\Main.scala. Using presentation compiler with project's scala-library version: 3.3.3
2024.05.10 11:47:24 INFO  time: code lens generation in 13s
2024.05.10 11:47:24 INFO  time: code lens generation in 13s
2024.05.10 11:47:24 INFO  time: code lens generation in 12s
2024.05.10 11:47:24 INFO  time: code lens generation in 9.67s
2024.05.10 11:47:24 INFO  time: code lens generation in 9.02s
2024.05.10 11:48:17 WARN  Build server is not auto-connectable.
2024.05.10 11:48:28 INFO  running 'C:\Program Files\Java\jdk-22\bin\java.exe -Djline.terminal=jline.UnsupportedTerminal -Dsbt.log.noformat=true -Dfile.encoding=UTF-8 -jar C:\Users\dingo\AppData\Local\Temp\metals9087684537885929067\sbt-launch.jar -Dbloop.export-jar-classifiers=sources bloopInstall'
2024.05.10 11:48:29 ERROR [info] [launcher] getting org.scala-sbt sbt 1.9.9  (this may take some time)...
2024.05.10 11:51:23 INFO  user cancelled sbt bloopInstall
2024.05.10 11:51:24 INFO  time: ran 'sbt bloopInstall' in 2m55s
2024.05.10 11:51:36 INFO  Shutting down server
2024.05.10 11:51:36 INFO  shutting down Metals
2024.05.10 11:51:36 INFO  Exiting server
2024.05.10 11:58:24 INFO  Started: Metals version 1.3.0 in folders 'C:\DATA\SCALA\hello-world' for client Visual Studio Code 1.89.1.
SLF4J: Class path contains multiple SLF4J providers.
SLF4J: Found provider [scribe.slf4j.ScribeServiceProvider@63289447]
SLF4J: Found provider [ch.qos.logback.classic.spi.LogbackServiceProvider@1394cd9f]
SLF4J: See https://www.slf4j.org/codes.html#multiple_bindings for an explanation.
SLF4J: Actual provider is of type [scribe.slf4j.ScribeServiceProvider@63289447]
2024.05.10 11:58:24 WARN  Flyway upgrade recommended: H2 2.2.224 is newer than this version of Flyway and support has not been tested. The latest supported version of H2 is 2.2.220.
2024.05.10 11:58:26 INFO  skipping build import with status 'Cancelled'
2024.05.10 11:58:35 INFO  no build target found for C:\DATA\SCALA\hello-world\src\main\scala\Main.scala. Using presentation compiler with project's scala-library version: 3.3.3
2024.05.10 11:58:36 INFO  time: code lens generation in 10s
2024.05.10 11:58:36 INFO  time: code lens generation in 10s
2024.05.10 11:58:36 INFO  time: code lens generation in 7.04s
2024.05.10 11:58:36 INFO  time: code lens generation in 6.39s
2024.05.10 11:58:36 INFO  time: code lens generation in 1.19s
2024.05.10 12:03:40 INFO  Shutting down server
2024.05.10 12:03:40 INFO  shutting down Metals
2024.05.10 12:03:40 INFO  Exiting server
2025.01.03 11:40:12 INFO  Started: Metals version 1.4.2 in folders 'C:\DATA\SCALA\hello-world' for client Visual Studio Code 1.96.2.
2025.01.03 11:40:13 INFO  no build target found for C:\DATA\SCALA\hello-world\src\main\scala\Main.scala. Using presentation compiler with project's scala-library version: 3.3.4
Jan 03, 2025 11:40:23 AM org.eclipse.lsp4j.jsonrpc.RemoteEndpoint handleCancellation
WARNING: Unmatched cancel notification for request id 2
Jan 03, 2025 11:40:23 AM org.eclipse.lsp4j.jsonrpc.RemoteEndpoint handleCancellation
WARNING: Unmatched cancel notification for request id 1
2025.01.03 11:40:25 INFO  no build target found for C:\DATA\SCALA\hello-world\src\main\scala\Main.scala. Using presentation compiler with project's scala-library version: 3.3.4
2025.01.03 11:40:25 INFO  no build target found for C:\DATA\SCALA\hello-world\src\main\scala\Main.scala. Using presentation compiler with project's scala-library version: 3.3.4
2025.01.03 11:40:25 INFO  no build target found for C:\DATA\SCALA\hello-world\src\main\scala\Main.scala. Using presentation compiler with project's scala-library version: 3.3.4
2025.01.03 11:40:26 INFO  no build target found for C:\DATA\SCALA\hello-world\src\main\scala\Main.scala. Using presentation compiler with project's scala-library version: 3.3.4
2025.01.03 11:47:07 INFO  no build target found for C:\DATA\SCALA\hello-world\src\main\scala\Main.scala. Using presentation compiler with project's scala-library version: 3.3.4
2025.01.03 11:47:10 INFO  Shutting down server
2025.01.03 11:47:10 INFO  shutting down Metals
2025.01.03 11:47:10 INFO  Exiting server
2025.01.15 10:35:53 INFO  Started: Metals version 1.4.2 in folders 'C:\DATA\SCALA\hello-world' for client Visual Studio Code 1.96.2.
2025.01.15 10:35:57 INFO  no build target found for C:\DATA\SCALA\hello-world\src\main\scala\Main.scala. Using presentation compiler with project's scala-library version: 3.3.4
Jan 15, 2025 10:36:01 AM org.eclipse.lsp4j.jsonrpc.RemoteEndpoint handleCancellation
WARNING: Unmatched cancel notification for request id 2
2025.01.15 10:36:01 INFO  no build target found for C:\DATA\SCALA\hello-world\src\main\scala\Main.scala. Using presentation compiler with project's scala-library version: 3.3.4
2025.01.15 10:36:01 INFO  no build target found for C:\DATA\SCALA\hello-world\src\main\scala\Main.scala. Using presentation compiler with project's scala-library version: 3.3.4
2025.01.15 10:36:01 INFO  no build target found for C:\DATA\SCALA\hello-world\src\main\scala\Main.scala. Using presentation compiler with project's scala-library version: 3.3.4
Jan 15, 2025 10:36:01 AM org.eclipse.lsp4j.jsonrpc.RemoteEndpoint handleCancellation
WARNING: Unmatched cancel notification for request id 8
2025.01.15 10:36:01 INFO  no build target found for C:\DATA\SCALA\hello-world\src\main\scala\Main.scala. Using presentation compiler with project's scala-library version: 3.3.4
2025.01.15 10:36:10 INFO  Shutting down server
2025.01.15 10:36:10 INFO  shutting down Metals
2025.01.15 10:36:10 INFO  Exiting server
