2024.05.10 11:33:48 INFO  Started: Metals version 1.3.0 in folders 'C:\DATA\SCALA\scalatest-example' for client Visual Studio Code 1.89.1.
SLF4J: Class path contains multiple SLF4J providers.
SLF4J: Found provider [scribe.slf4j.ScribeServiceProvider@3d864b55]
SLF4J: Found provider [ch.qos.logback.classic.spi.LogbackServiceProvider@6c0e78a7]
SLF4J: See https://www.slf4j.org/codes.html#multiple_bindings for an explanation.
SLF4J: Actual provider is of type [scribe.slf4j.ScribeServiceProvider@3d864b55]
2024.05.10 11:33:49 WARN  Flyway upgrade recommended: H2 2.2.224 is newer than this version of Flyway and support has not been tested. The latest supported version of H2 is 2.2.220.
2024.05.10 11:33:56 INFO  running 'C:\Program Files\Java\jdk-22\bin\java.exe -Djline.terminal=jline.UnsupportedTerminal -Dsbt.log.noformat=true -Dfile.encoding=UTF-8 -jar C:\Users\dingo\AppData\Local\Temp\metals5516841914016477972\sbt-launch.jar -Dbloop.export-jar-classifiers=sources bloopInstall'
2024.05.10 11:33:58 INFO  [info] welcome to sbt 1.10.0 (Oracle Corporation Java 22.0.1)
2024.05.10 11:34:00 INFO  [info] loading settings for project scalatest-example-build-build from metals.sbt ...
2024.05.10 11:34:00 INFO  [info] loading project definition from C:\DATA\SCALA\scalatest-example\project\project
2024.05.10 11:34:06 INFO  [info] loading settings for project scalatest-example-build from metals.sbt ...
2024.05.10 11:34:06 INFO  [info] loading project definition from C:\DATA\SCALA\scalatest-example\project
2024.05.10 11:34:29 INFO  [success] Generated .bloop\scalatest-example-build.json
2024.05.10 11:34:29 INFO  [success] Total time: 24 s, completed May 10, 2024, 11:34:29 AM
2024.05.10 11:34:31 INFO  [info] loading settings for project root from build.sbt ...
2024.05.10 11:34:31 INFO  [info] set current project to scalatest-example (in build file:/C:/DATA/SCALA/scalatest-example/)
2024.05.10 11:36:00 INFO  no build target found for C:\DATA\SCALA\scalatest-example\src\test\scala\com\example\CubeCalculatorTest.scala. Using presentation compiler with project's scala-library version: 3.3.3
2024.05.10 11:36:52 INFO  [success] Generated .bloop\root.json
2024.05.10 11:36:52 INFO  [success] Generated .bloop\root-test.json
2024.05.10 11:36:52 INFO  [success] Total time: 141 s (02:21), completed May 10, 2024, 11:36:52 AM
2024.05.10 11:36:52 INFO  time: ran 'sbt bloopInstall' in 2m55s
2024.05.10 11:36:52 INFO  Attempting to connect to the build server...
2024.05.10 11:36:52 INFO  Setting up current java home C:\Program Files\Java\jdk-22 in C:\Users\dingo\.bloop\bloop.json
2024.05.10 11:37:39 ERROR Starting the bsp launcher for bloop...
2024.05.10 11:37:39 ERROR Opening a bsp server connection with 'bsp --protocol tcp --port 41250'...
2024.05.10 11:37:39 ERROR Waiting for the bsp connection to come up...
2024.05.10 11:37:39 ERROR Waiting for the bsp connection to come up...
2024.05.10 11:37:39 ERROR Waiting for the bsp connection to come up...
2024.05.10 11:37:39 ERROR Waiting for the bsp connection to come up...
2024.05.10 11:37:39 ERROR Waiting for the bsp connection to come up...
2024.05.10 11:37:39 ERROR Waiting for the bsp connection to come up...
2024.05.10 11:37:39 ERROR Waiting for the bsp connection to come up...
2024.05.10 11:37:39 ERROR Waiting for the bsp connection to come up...
2024.05.10 11:37:39 ERROR Waiting for the bsp connection to come up...
2024.05.10 11:37:39 ERROR Waiting for the bsp connection to come up...
2024.05.10 11:37:39 ERROR Waiting for the bsp connection to come up...
2024.05.10 11:37:39 ERROR Waiting for the bsp connection to come up...
2024.05.10 11:37:39 ERROR Waiting for the bsp connection to come up...
2024.05.10 11:37:39 ERROR Waiting for the bsp connection to come up...
2024.05.10 11:37:39 ERROR Waiting for the bsp connection to come up...
2024.05.10 11:37:39 ERROR Waiting for the bsp connection to come up...
2024.05.10 11:37:39 ERROR Waiting for the bsp connection to come up...
2024.05.10 11:37:39 ERROR Waiting for the bsp connection to come up...
2024.05.10 11:37:39 ERROR Waiting for the bsp connection to come up...
2024.05.10 11:37:39 ERROR Waiting for the bsp connection to come up...
2024.05.10 11:37:39 ERROR Waiting for the bsp connection to come up...
2024.05.10 11:37:39 ERROR Waiting for the bsp connection to come up...
2024.05.10 11:37:39 ERROR Waiting for the bsp connection to come up...
2024.05.10 11:37:39 ERROR Waiting for the bsp connection to come up...
2024.05.10 11:37:39 ERROR Waiting for the bsp connection to come up...
2024.05.10 11:37:39 ERROR Waiting for the bsp connection to come up...
2024.05.10 11:37:39 ERROR Waiting for the bsp connection to come up...
2024.05.10 11:37:39 ERROR Waiting for the bsp connection to come up...
2024.05.10 11:37:39 ERROR Waiting for the bsp connection to come up...
2024.05.10 11:37:39 ERROR Waiting for the bsp connection to come up...
2024.05.10 11:37:39 ERROR Waiting for the bsp connection to come up...
2024.05.10 11:37:39 ERROR error: Giving up on waiting for a connection, printing embedded bloop logs:
2024.05.10 11:37:39 ERROR > No server running at 127.0.0.1:8212, let's fire one...
2024.05.10 11:37:39 ERROR > Resolving ch.epfl.scala:bloop-frontend_2.12:1.5.17...
2024.05.10 11:37:39 ERROR error: The launcher failed to establish a bsp connection, aborting...
2024.05.10 11:37:39 ERROR Failed to connect with build server, no functionality will work.
java.lang.RuntimeException: The server did not start, got FailedToOpenBspConnection
	at bloop.launcher.LauncherMain.failPromise$1(Launcher.scala:92)
	at bloop.launcher.LauncherMain.runLauncher(Launcher.scala:119)
	at scala.meta.internal.metals.BloopServers$$anon$2.run(BloopServers.scala:355)
	at java.util.concurrent.Executors$RunnableAdapter.call(Executors.java:572)
	at java.util.concurrent.FutureTask.run(FutureTask.java:317)
	at java.util.concurrent.ThreadPoolExecutor.runWorker(ThreadPoolExecutor.java:1144)
	at java.util.concurrent.ThreadPoolExecutor$Worker.run(ThreadPoolExecutor.java:642)
	at java.lang.Thread.run(Thread.java:1570)

2024.05.10 11:37:52 INFO  Shutting down server
2024.05.10 11:37:52 INFO  shutting down Metals
2024.05.10 11:37:52 INFO  Exiting server
