2024.05.10 01:39:24 INFO  Started: Metals version 1.3.0 in folders 'C:\DATA\SCALA\Projects' for client Visual Studio Code 1.88.1.
SLF4J: Class path contains multiple SLF4J providers.
SLF4J: Found provider [scribe.slf4j.ScribeServiceProvider@1fa1ded5]
SLF4J: Found provider [ch.qos.logback.classic.spi.LogbackServiceProvider@6004c52d]
SLF4J: See https://www.slf4j.org/codes.html#multiple_bindings for an explanation.
SLF4J: Actual provider is of type [scribe.slf4j.ScribeServiceProvider@1fa1ded5]
2024.05.10 01:39:24 WARN  Flyway upgrade recommended: H2 2.2.224 is newer than this version of Flyway and support has not been tested. The latest supported version of H2 is 2.2.220.
May 10, 2024 1:39:25 AM org.eclipse.lsp4j.jsonrpc.RemoteEndpoint handleCancellation
WARNING: Unmatched cancel notification for request id 4
May 10, 2024 1:39:25 AM org.eclipse.lsp4j.jsonrpc.RemoteEndpoint handleCancellation
WARNING: Unmatched cancel notification for request id 2
May 10, 2024 1:39:25 AM org.eclipse.lsp4j.jsonrpc.RemoteEndpoint handleCancellation
WARNING: Unmatched cancel notification for request id 1
2024.05.10 01:39:26 WARN  no build tool detected in workspace 'C:\DATA\SCALA\Projects'. The most common cause for this problem is that the editor was opened in the wrong working directory, for example if you use sbt then the workspace directory should contain build.sbt. 
2024.05.10 01:39:26 WARN  Build server is not auto-connectable.
May 10, 2024 1:39:58 AM org.eclipse.lsp4j.jsonrpc.RemoteEndpoint handleCancellation
WARNING: Unmatched cancel notification for request id 6
2024.05.10 01:43:02 INFO  Shutting down server
2024.05.10 01:43:02 INFO  shutting down Metals
2024.05.10 01:43:02 INFO  Exiting server
2024.05.10 01:43:23 INFO  Started: Metals version 1.3.0 in folders 'C:\DATA\SCALA\Projects' for client Visual Studio Code 1.89.1.
SLF4J: Class path contains multiple SLF4J providers.
SLF4J: Found provider [scribe.slf4j.ScribeServiceProvider@5c01b078]
SLF4J: Found provider [ch.qos.logback.classic.spi.LogbackServiceProvider@1454c7a2]
SLF4J: See https://www.slf4j.org/codes.html#multiple_bindings for an explanation.
SLF4J: Actual provider is of type [scribe.slf4j.ScribeServiceProvider@5c01b078]
2024.05.10 01:43:23 WARN  Flyway upgrade recommended: H2 2.2.224 is newer than this version of Flyway and support has not been tested. The latest supported version of H2 is 2.2.220.
2024.05.10 01:43:24 WARN  no build tool detected in workspace 'C:\DATA\SCALA\Projects'. The most common cause for this problem is that the editor was opened in the wrong working directory, for example if you use sbt then the workspace directory should contain build.sbt. 
2024.05.10 01:43:24 WARN  Build server is not auto-connectable.
May 10, 2024 1:47:44 AM org.eclipse.lsp4j.jsonrpc.RemoteEndpoint handleCancellation
WARNING: Unmatched cancel notification for request id 14
2024.05.10 01:51:08 INFO  Shutting down server
2024.05.10 01:51:08 INFO  shutting down Metals
2024.05.10 01:51:08 INFO  Exiting server
2024.05.10 01:56:13 INFO  Started: Metals version 1.3.0 in folders 'C:\DATA\SCALA\Projects' for client Visual Studio Code 1.89.1.
SLF4J: Class path contains multiple SLF4J providers.
SLF4J: Found provider [scribe.slf4j.ScribeServiceProvider@5090454a]
SLF4J: Found provider [ch.qos.logback.classic.spi.LogbackServiceProvider@db73fd3]
SLF4J: See https://www.slf4j.org/codes.html#multiple_bindings for an explanation.
SLF4J: Actual provider is of type [scribe.slf4j.ScribeServiceProvider@5090454a]
2024.05.10 01:56:13 WARN  Flyway upgrade recommended: H2 2.2.224 is newer than this version of Flyway and support has not been tested. The latest supported version of H2 is 2.2.220.
2024.05.10 01:56:14 WARN  no build tool detected in workspace 'C:\DATA\SCALA\Projects'. The most common cause for this problem is that the editor was opened in the wrong working directory, for example if you use sbt then the workspace directory should contain build.sbt. 
2024.05.10 01:56:14 WARN  Build server is not auto-connectable.
2024.05.10 01:58:06 ERROR SLF4J: Failed to load class "org.slf4j.impl.StaticLoggerBinder".
2024.05.10 01:58:06 ERROR SLF4J: Defaulting to no-operation (NOP) logger implementation
2024.05.10 01:58:06 ERROR SLF4J: See http://www.slf4j.org/codes.html#StaticLoggerBinder for further details.
2024.05.10 01:58:12 INFO  
2024.05.10 01:58:12 INFO  Template applied in C:\DATA\SCALA\.\hello-world
2024.05.10 01:58:12 INFO  
2024.05.10 01:58:12 INFO  time: ran 'giter8.Giter8' in 5.79s
2024.05.10 02:03:28 WARN  no build tool detected in workspace 'C:\DATA\SCALA\Projects'. The most common cause for this problem is that the editor was opened in the wrong working directory, for example if you use sbt then the workspace directory should contain build.sbt. 
2024.05.10 02:03:28 WARN  Build server is not auto-connectable.
2024.05.10 02:03:51 WARN  no build tool detected in workspace 'C:\DATA\SCALA\Projects'. The most common cause for this problem is that the editor was opened in the wrong working directory, for example if you use sbt then the workspace directory should contain build.sbt. 
2024.05.10 02:03:51 WARN  Build server is not auto-connectable.
2024.05.10 02:04:32 INFO  Shutting down server
2024.05.10 02:04:32 INFO  shutting down Metals
2024.05.10 02:04:32 INFO  Exiting server
